Determining if the pthread_create exist failed with the following output:
Change Dir: /media/elffer/Samsung_T5/projects/autonomous_driving/codes/sdce/term_3/P3 CarND-Capstone Project/ros/build/CMakeFiles/CMakeTmp

Run Build Command:"/usr/bin/make" "cmTC_2ec42/fast"
/usr/bin/make -f CMakeFiles/cmTC_2ec42.dir/build.make CMakeFiles/cmTC_2ec42.dir/build
make[1]: Entering directory '/media/elffer/Samsung_T5/projects/autonomous_driving/codes/sdce/term_3/P3 CarND-Capstone Project/ros/build/CMakeFiles/CMakeTmp'
Building C object CMakeFiles/cmTC_2ec42.dir/CheckSymbolExists.c.o
/usr/bin/cc     -o CMakeFiles/cmTC_2ec42.dir/CheckSymbolExists.c.o   -c "/media/elffer/Samsung_T5/projects/autonomous_driving/codes/sdce/term_3/P3 CarND-Capstone Project/ros/build/CMakeFiles/CMakeTmp/CheckSymbolExists.c"
Linking C executable cmTC_2ec42
/usr/bin/cmake -E cmake_link_script CMakeFiles/cmTC_2ec42.dir/link.txt --verbose=1
/usr/bin/cc       CMakeFiles/cmTC_2ec42.dir/CheckSymbolExists.c.o  -o cmTC_2ec42 -rdynamic 
CMakeFiles/cmTC_2ec42.dir/CheckSymbolExists.c.o: In function `main':
CheckSymbolExists.c:(.text+0x16): undefined reference to `pthread_create'
collect2: error: ld returned 1 exit status
CMakeFiles/cmTC_2ec42.dir/build.make:97: recipe for target 'cmTC_2ec42' failed
make[1]: *** [cmTC_2ec42] Error 1
make[1]: Leaving directory '/media/elffer/Samsung_T5/projects/autonomous_driving/codes/sdce/term_3/P3 CarND-Capstone Project/ros/build/CMakeFiles/CMakeTmp'
Makefile:126: recipe for target 'cmTC_2ec42/fast' failed
make: *** [cmTC_2ec42/fast] Error 2

File /media/elffer/Samsung_T5/projects/autonomous_driving/codes/sdce/term_3/P3 CarND-Capstone Project/ros/build/CMakeFiles/CMakeTmp/CheckSymbolExists.c:
/* */
#include <pthread.h>

int main(int argc, char** argv)
{
  (void)argv;
#ifndef pthread_create
  return ((int*)(&pthread_create))[argc];
#else
  (void)argc;
  return 0;
#endif
}

Determining if the function pthread_create exists in the pthreads failed with the following output:
Change Dir: /media/elffer/Samsung_T5/projects/autonomous_driving/codes/sdce/term_3/P3 CarND-Capstone Project/ros/build/CMakeFiles/CMakeTmp

Run Build Command:"/usr/bin/make" "cmTC_e9f73/fast"
/usr/bin/make -f CMakeFiles/cmTC_e9f73.dir/build.make CMakeFiles/cmTC_e9f73.dir/build
make[1]: Entering directory '/media/elffer/Samsung_T5/projects/autonomous_driving/codes/sdce/term_3/P3 CarND-Capstone Project/ros/build/CMakeFiles/CMakeTmp'
Building C object CMakeFiles/cmTC_e9f73.dir/CheckFunctionExists.c.o
/usr/bin/cc    -DCHECK_FUNCTION_EXISTS=pthread_create   -o CMakeFiles/cmTC_e9f73.dir/CheckFunctionExists.c.o   -c /usr/share/cmake-3.5/Modules/CheckFunctionExists.c
Linking C executable cmTC_e9f73
/usr/bin/cmake -E cmake_link_script CMakeFiles/cmTC_e9f73.dir/link.txt --verbose=1
/usr/bin/cc   -DCHECK_FUNCTION_EXISTS=pthread_create    CMakeFiles/cmTC_e9f73.dir/CheckFunctionExists.c.o  -o cmTC_e9f73 -rdynamic -lpthreads 
/usr/bin/ld: cannot find -lpthreads
collect2: error: ld returned 1 exit status
CMakeFiles/cmTC_e9f73.dir/build.make:97: recipe for target 'cmTC_e9f73' failed
make[1]: *** [cmTC_e9f73] Error 1
make[1]: Leaving directory '/media/elffer/Samsung_T5/projects/autonomous_driving/codes/sdce/term_3/P3 CarND-Capstone Project/ros/build/CMakeFiles/CMakeTmp'
Makefile:126: recipe for target 'cmTC_e9f73/fast' failed
make: *** [cmTC_e9f73/fast] Error 2


